<?xml version="1.0" encoding="UTF-8"?>
<!-- Generated by org.testng.reporters.JUnitReportReporter -->
<testsuite skipped="0" hostname="DESKTOP-S215Q3C" name="ReadDataFormatHTMLTable.ReadDataHtml" tests="1" failures="0" timestamp="27 Jul 2019 08:35:16 GMT" time="12.236" errors="0">
  <testcase name="ReadDataFormathtml" time="12.236" classname="ReadDataFormatHTMLTable.ReadDataHtml"/>
</testsuite> <!-- ReadDataFormatHTMLTable.ReadDataHtml -->
